<?xml version="1.0" encoding="UTF-8"?>
<testsuite name="study.datajpa.entity.MemberTest" tests="1" skipped="0" failures="0" errors="0" timestamp="2022-02-21T12:31:34" hostname="TimYjs-MacBook-Pro.local" time="0.545">
  <properties/>
  <testcase name="testEntity()" classname="study.datajpa.entity.MemberTest" time="0.545"/>
  <system-out><![CDATA[21:31:28.370 [Test worker] DEBUG org.springframework.test.context.BootstrapUtils - Instantiating CacheAwareContextLoaderDelegate from class [org.springframework.test.context.cache.DefaultCacheAwareContextLoaderDelegate]
21:31:28.427 [Test worker] DEBUG org.springframework.test.context.BootstrapUtils - Instantiating BootstrapContext using constructor [public org.springframework.test.context.support.DefaultBootstrapContext(java.lang.Class,org.springframework.test.context.CacheAwareContextLoaderDelegate)]
21:31:28.487 [Test worker] DEBUG org.springframework.test.context.BootstrapUtils - Instantiating TestContextBootstrapper for test class [study.datajpa.entity.MemberTest] from class [org.springframework.boot.test.context.SpringBootTestContextBootstrapper]
21:31:28.505 [Test worker] INFO org.springframework.boot.test.context.SpringBootTestContextBootstrapper - Neither @ContextConfiguration nor @ContextHierarchy found for test class [study.datajpa.entity.MemberTest], using SpringBootContextLoader
21:31:28.511 [Test worker] DEBUG org.springframework.test.context.support.AbstractContextLoader - Did not detect default resource location for test class [study.datajpa.entity.MemberTest]: class path resource [study/datajpa/entity/MemberTest-context.xml] does not exist
21:31:28.511 [Test worker] DEBUG org.springframework.test.context.support.AbstractContextLoader - Did not detect default resource location for test class [study.datajpa.entity.MemberTest]: class path resource [study/datajpa/entity/MemberTestContext.groovy] does not exist
21:31:28.512 [Test worker] INFO org.springframework.test.context.support.AbstractContextLoader - Could not detect default resource locations for test class [study.datajpa.entity.MemberTest]: no resource found for suffixes {-context.xml, Context.groovy}.
21:31:28.513 [Test worker] INFO org.springframework.test.context.support.AnnotationConfigContextLoaderUtils - Could not detect default configuration classes for test class [study.datajpa.entity.MemberTest]: MemberTest does not declare any static, non-private, non-final, nested classes annotated with @Configuration.
21:31:28.557 [Test worker] DEBUG org.springframework.test.context.support.ActiveProfilesUtils - Could not find an 'annotation declaring class' for annotation type [org.springframework.test.context.ActiveProfiles] and class [study.datajpa.entity.MemberTest]
21:31:28.911 [Test worker] DEBUG org.springframework.context.annotation.ClassPathScanningCandidateComponentProvider - Identified candidate component class: file [/Users/timyjkim/workspace/data-jpa/build/classes/java/main/study/datajpa/DataJpaApplication.class]
21:31:28.914 [Test worker] INFO org.springframework.boot.test.context.SpringBootTestContextBootstrapper - Found @SpringBootConfiguration study.datajpa.DataJpaApplication for test class study.datajpa.entity.MemberTest
21:31:29.207 [Test worker] DEBUG org.springframework.boot.test.context.SpringBootTestContextBootstrapper - @TestExecutionListeners is not present for class [study.datajpa.entity.MemberTest]: using defaults.
21:31:29.208 [Test worker] INFO org.springframework.boot.test.context.SpringBootTestContextBootstrapper - Loaded default TestExecutionListener class names from location [META-INF/spring.factories]: [org.springframework.boot.test.autoconfigure.restdocs.RestDocsTestExecutionListener, org.springframework.boot.test.autoconfigure.web.client.MockRestServiceServerResetTestExecutionListener, org.springframework.boot.test.autoconfigure.web.servlet.MockMvcPrintOnlyOnFailureTestExecutionListener, org.springframework.boot.test.autoconfigure.web.servlet.WebDriverTestExecutionListener, org.springframework.boot.test.autoconfigure.webservices.client.MockWebServiceServerTestExecutionListener, org.springframework.boot.test.mock.mockito.MockitoTestExecutionListener, org.springframework.boot.test.mock.mockito.ResetMocksTestExecutionListener, org.springframework.test.context.web.ServletTestExecutionListener, org.springframework.test.context.support.DirtiesContextBeforeModesTestExecutionListener, org.springframework.test.context.event.ApplicationEventsTestExecutionListener, org.springframework.test.context.support.DependencyInjectionTestExecutionListener, org.springframework.test.context.support.DirtiesContextTestExecutionListener, org.springframework.test.context.transaction.TransactionalTestExecutionListener, org.springframework.test.context.jdbc.SqlScriptsTestExecutionListener, org.springframework.test.context.event.EventPublishingTestExecutionListener]
21:31:29.237 [Test worker] INFO org.springframework.boot.test.context.SpringBootTestContextBootstrapper - Using TestExecutionListeners: [org.springframework.test.context.web.ServletTestExecutionListener@6c451c9c, org.springframework.test.context.support.DirtiesContextBeforeModesTestExecutionListener@31c269fd, org.springframework.test.context.event.ApplicationEventsTestExecutionListener@372b0d86, org.springframework.boot.test.mock.mockito.MockitoTestExecutionListener@47747fb9, org.springframework.boot.test.autoconfigure.SpringBootDependencyInjectionTestExecutionListener@3113a37, org.springframework.test.context.support.DirtiesContextTestExecutionListener@213e3629, org.springframework.test.context.transaction.TransactionalTestExecutionListener@4e9658b5, org.springframework.test.context.jdbc.SqlScriptsTestExecutionListener@2a7b6f69, org.springframework.test.context.event.EventPublishingTestExecutionListener@20312893, org.springframework.boot.test.autoconfigure.restdocs.RestDocsTestExecutionListener@70eecdc2, org.springframework.boot.test.autoconfigure.web.client.MockRestServiceServerResetTestExecutionListener@c41709a, org.springframework.boot.test.autoconfigure.web.servlet.MockMvcPrintOnlyOnFailureTestExecutionListener@7db0565c, org.springframework.boot.test.autoconfigure.web.servlet.WebDriverTestExecutionListener@54ec8cc9, org.springframework.boot.test.autoconfigure.webservices.client.MockWebServiceServerTestExecutionListener@52eacb4b, org.springframework.boot.test.mock.mockito.ResetMocksTestExecutionListener@5528a42c]
21:31:29.241 [Test worker] DEBUG org.springframework.test.context.support.AbstractDirtiesContextTestExecutionListener - Before test class: context [DefaultTestContext@22680f52 testClass = MemberTest, testInstance = [null], testMethod = [null], testException = [null], mergedContextConfiguration = [WebMergedContextConfiguration@60d84f61 testClass = MemberTest, locations = '{}', classes = '{class study.datajpa.DataJpaApplication}', contextInitializerClasses = '[]', activeProfiles = '{}', propertySourceLocations = '{}', propertySourceProperties = '{org.springframework.boot.test.context.SpringBootTestContextBootstrapper=true}', contextCustomizers = set[org.springframework.boot.test.autoconfigure.actuate.metrics.MetricsExportContextCustomizerFactory$DisableMetricExportContextCustomizer@4b3a45f1, org.springframework.boot.test.autoconfigure.properties.PropertyMappingContextCustomizer@0, org.springframework.boot.test.autoconfigure.web.servlet.WebDriverContextCustomizerFactory$Customizer@1a7288a3, org.springframework.boot.test.context.filter.ExcludeFilterContextCustomizer@68b6f0d6, org.springframework.boot.test.json.DuplicateJsonObjectContextCustomizerFactory$DuplicateJsonObjectContextCustomizer@36f48b4, org.springframework.boot.test.mock.mockito.MockitoContextCustomizer@0, org.springframework.boot.test.web.client.TestRestTemplateContextCustomizer@a5bd950, org.springframework.boot.test.context.SpringBootTestArgs@1, org.springframework.boot.test.context.SpringBootTestWebEnvironment@3e2055d6], resourceBasePath = 'src/main/webapp', contextLoader = 'org.springframework.boot.test.context.SpringBootContextLoader', parent = [null]], attributes = map['org.springframework.test.context.web.ServletTestExecutionListener.activateListener' -> true]], class annotated with @DirtiesContext [false] with mode [null].

  .   ____          _            __ _ _
 /\\ / ___'_ __ _ _(_)_ __  __ _ \ \ \ \
( ( )\___ | '_ | '_| | '_ \/ _` | \ \ \ \
 \\/  ___)| |_)| | | | | || (_| |  ) ) ) )
  '  |____| .__|_| |_|_| |_\__, | / / / /
 =========|_|==============|___/=/_/_/_/
 :: Spring Boot ::                (v2.6.3)

2022-02-21 21:31:29.956  INFO 27043 --- [    Test worker] study.datajpa.entity.MemberTest          : Starting MemberTest using Java 11.0.13 on TimYjs-MacBook-Pro.local with PID 27043 (started by timyjkim in /Users/timyjkim/workspace/data-jpa)
2022-02-21 21:31:29.958  INFO 27043 --- [    Test worker] study.datajpa.entity.MemberTest          : No active profile set, falling back to default profiles: default
2022-02-21 21:31:31.010  INFO 27043 --- [    Test worker] .s.d.r.c.RepositoryConfigurationDelegate : Bootstrapping Spring Data JPA repositories in DEFAULT mode.
2022-02-21 21:31:31.101  INFO 27043 --- [    Test worker] .s.d.r.c.RepositoryConfigurationDelegate : Finished Spring Data repository scanning in 80 ms. Found 1 JPA repository interfaces.
2022-02-21 21:31:31.935  INFO 27043 --- [    Test worker] o.hibernate.jpa.internal.util.LogHelper  : HHH000204: Processing PersistenceUnitInfo [name: default]
2022-02-21 21:31:31.995  INFO 27043 --- [    Test worker] org.hibernate.Version                    : HHH000412: Hibernate ORM core version 5.6.4.Final
2022-02-21 21:31:32.193  INFO 27043 --- [    Test worker] o.hibernate.annotations.common.Version   : HCANN000001: Hibernate Commons Annotations {5.1.2.Final}
2022-02-21 21:31:32.224 DEBUG 27043 --- [    Test worker] org.hibernate.type.BasicTypeRegistry     : Adding type registration boolean -> org.hibernate.type.BooleanType@647fb583
2022-02-21 21:31:32.224 DEBUG 27043 --- [    Test worker] org.hibernate.type.BasicTypeRegistry     : Adding type registration boolean -> org.hibernate.type.BooleanType@647fb583
2022-02-21 21:31:32.224 DEBUG 27043 --- [    Test worker] org.hibernate.type.BasicTypeRegistry     : Adding type registration java.lang.Boolean -> org.hibernate.type.BooleanType@647fb583
2022-02-21 21:31:32.225 DEBUG 27043 --- [    Test worker] org.hibernate.type.BasicTypeRegistry     : Adding type registration numeric_boolean -> org.hibernate.type.NumericBooleanType@7ead1d80
2022-02-21 21:31:32.226 DEBUG 27043 --- [    Test worker] org.hibernate.type.BasicTypeRegistry     : Adding type registration true_false -> org.hibernate.type.TrueFalseType@5b14f482
2022-02-21 21:31:32.227 DEBUG 27043 --- [    Test worker] org.hibernate.type.BasicTypeRegistry     : Adding type registration yes_no -> org.hibernate.type.YesNoType@362a561e
2022-02-21 21:31:32.228 DEBUG 27043 --- [    Test worker] org.hibernate.type.BasicTypeRegistry     : Adding type registration byte -> org.hibernate.type.ByteType@5546e754
2022-02-21 21:31:32.228 DEBUG 27043 --- [    Test worker] org.hibernate.type.BasicTypeRegistry     : Adding type registration byte -> org.hibernate.type.ByteType@5546e754
2022-02-21 21:31:32.229 DEBUG 27043 --- [    Test worker] org.hibernate.type.BasicTypeRegistry     : Adding type registration java.lang.Byte -> org.hibernate.type.ByteType@5546e754
2022-02-21 21:31:32.230 DEBUG 27043 --- [    Test worker] org.hibernate.type.BasicTypeRegistry     : Adding type registration character -> org.hibernate.type.CharacterType@44aa91e2
2022-02-21 21:31:32.230 DEBUG 27043 --- [    Test worker] org.hibernate.type.BasicTypeRegistry     : Adding type registration char -> org.hibernate.type.CharacterType@44aa91e2
2022-02-21 21:31:32.230 DEBUG 27043 --- [    Test worker] org.hibernate.type.BasicTypeRegistry     : Adding type registration java.lang.Character -> org.hibernate.type.CharacterType@44aa91e2
2022-02-21 21:31:32.231 DEBUG 27043 --- [    Test worker] org.hibernate.type.BasicTypeRegistry     : Adding type registration short -> org.hibernate.type.ShortType@49ced9c7
2022-02-21 21:31:32.232 DEBUG 27043 --- [    Test worker] org.hibernate.type.BasicTypeRegistry     : Adding type registration short -> org.hibernate.type.ShortType@49ced9c7
2022-02-21 21:31:32.232 DEBUG 27043 --- [    Test worker] org.hibernate.type.BasicTypeRegistry     : Adding type registration java.lang.Short -> org.hibernate.type.ShortType@49ced9c7
2022-02-21 21:31:32.236 DEBUG 27043 --- [    Test worker] org.hibernate.type.BasicTypeRegistry     : Adding type registration integer -> org.hibernate.type.IntegerType@5c4f4330
2022-02-21 21:31:32.236 DEBUG 27043 --- [    Test worker] org.hibernate.type.BasicTypeRegistry     : Adding type registration int -> org.hibernate.type.IntegerType@5c4f4330
2022-02-21 21:31:32.237 DEBUG 27043 --- [    Test worker] org.hibernate.type.BasicTypeRegistry     : Adding type registration java.lang.Integer -> org.hibernate.type.IntegerType@5c4f4330
2022-02-21 21:31:32.238 DEBUG 27043 --- [    Test worker] org.hibernate.type.BasicTypeRegistry     : Adding type registration long -> org.hibernate.type.LongType@2cee5365
2022-02-21 21:31:32.238 DEBUG 27043 --- [    Test worker] org.hibernate.type.BasicTypeRegistry     : Adding type registration long -> org.hibernate.type.LongType@2cee5365
2022-02-21 21:31:32.238 DEBUG 27043 --- [    Test worker] org.hibernate.type.BasicTypeRegistry     : Adding type registration java.lang.Long -> org.hibernate.type.LongType@2cee5365
2022-02-21 21:31:32.240 DEBUG 27043 --- [    Test worker] org.hibernate.type.BasicTypeRegistry     : Adding type registration float -> org.hibernate.type.FloatType@2c2e3460
2022-02-21 21:31:32.240 DEBUG 27043 --- [    Test worker] org.hibernate.type.BasicTypeRegistry     : Adding type registration float -> org.hibernate.type.FloatType@2c2e3460
2022-02-21 21:31:32.240 DEBUG 27043 --- [    Test worker] org.hibernate.type.BasicTypeRegistry     : Adding type registration java.lang.Float -> org.hibernate.type.FloatType@2c2e3460
2022-02-21 21:31:32.242 DEBUG 27043 --- [    Test worker] org.hibernate.type.BasicTypeRegistry     : Adding type registration double -> org.hibernate.type.DoubleType@4416e18d
2022-02-21 21:31:32.243 DEBUG 27043 --- [    Test worker] org.hibernate.type.BasicTypeRegistry     : Adding type registration double -> org.hibernate.type.DoubleType@4416e18d
2022-02-21 21:31:32.243 DEBUG 27043 --- [    Test worker] org.hibernate.type.BasicTypeRegistry     : Adding type registration java.lang.Double -> org.hibernate.type.DoubleType@4416e18d
2022-02-21 21:31:32.245 DEBUG 27043 --- [    Test worker] org.hibernate.type.BasicTypeRegistry     : Adding type registration big_decimal -> org.hibernate.type.BigDecimalType@5a3cf824
2022-02-21 21:31:32.245 DEBUG 27043 --- [    Test worker] org.hibernate.type.BasicTypeRegistry     : Adding type registration java.math.BigDecimal -> org.hibernate.type.BigDecimalType@5a3cf824
2022-02-21 21:31:32.246 DEBUG 27043 --- [    Test worker] org.hibernate.type.BasicTypeRegistry     : Adding type registration big_integer -> org.hibernate.type.BigIntegerType@6c6928c
2022-02-21 21:31:32.246 DEBUG 27043 --- [    Test worker] org.hibernate.type.BasicTypeRegistry     : Adding type registration java.math.BigInteger -> org.hibernate.type.BigIntegerType@6c6928c
2022-02-21 21:31:32.249 DEBUG 27043 --- [    Test worker] org.hibernate.type.BasicTypeRegistry     : Adding type registration string -> org.hibernate.type.StringType@36211bbc
2022-02-21 21:31:32.249 DEBUG 27043 --- [    Test worker] org.hibernate.type.BasicTypeRegistry     : Adding type registration java.lang.String -> org.hibernate.type.StringType@36211bbc
2022-02-21 21:31:32.250 DEBUG 27043 --- [    Test worker] org.hibernate.type.BasicTypeRegistry     : Adding type registration nstring -> org.hibernate.type.StringNVarcharType@d70e9a
2022-02-21 21:31:32.251 DEBUG 27043 --- [    Test worker] org.hibernate.type.BasicTypeRegistry     : Adding type registration ncharacter -> org.hibernate.type.CharacterNCharType@61808ecd
2022-02-21 21:31:32.252 DEBUG 27043 --- [    Test worker] org.hibernate.type.BasicTypeRegistry     : Adding type registration url -> org.hibernate.type.UrlType@516195cf
2022-02-21 21:31:32.252 DEBUG 27043 --- [    Test worker] org.hibernate.type.BasicTypeRegistry     : Adding type registration java.net.URL -> org.hibernate.type.UrlType@516195cf
2022-02-21 21:31:32.253 DEBUG 27043 --- [    Test worker] org.hibernate.type.BasicTypeRegistry     : Adding type registration Duration -> org.hibernate.type.DurationType@4b4927e5
2022-02-21 21:31:32.253 DEBUG 27043 --- [    Test worker] org.hibernate.type.BasicTypeRegistry     : Adding type registration java.time.Duration -> org.hibernate.type.DurationType@4b4927e5
2022-02-21 21:31:32.255 DEBUG 27043 --- [    Test worker] org.hibernate.type.BasicTypeRegistry     : Adding type registration Instant -> org.hibernate.type.InstantType@35e2b89f
2022-02-21 21:31:32.255 DEBUG 27043 --- [    Test worker] org.hibernate.type.BasicTypeRegistry     : Adding type registration java.time.Instant -> org.hibernate.type.InstantType@35e2b89f
2022-02-21 21:31:32.256 DEBUG 27043 --- [    Test worker] org.hibernate.type.BasicTypeRegistry     : Adding type registration LocalDateTime -> org.hibernate.type.LocalDateTimeType@cfd5cd2
2022-02-21 21:31:32.256 DEBUG 27043 --- [    Test worker] org.hibernate.type.BasicTypeRegistry     : Adding type registration java.time.LocalDateTime -> org.hibernate.type.LocalDateTimeType@cfd5cd2
2022-02-21 21:31:32.258 DEBUG 27043 --- [    Test worker] org.hibernate.type.BasicTypeRegistry     : Adding type registration LocalDate -> org.hibernate.type.LocalDateType@496cedbb
2022-02-21 21:31:32.258 DEBUG 27043 --- [    Test worker] org.hibernate.type.BasicTypeRegistry     : Adding type registration java.time.LocalDate -> org.hibernate.type.LocalDateType@496cedbb
2022-02-21 21:31:32.260 DEBUG 27043 --- [    Test worker] org.hibernate.type.BasicTypeRegistry     : Adding type registration LocalTime -> org.hibernate.type.LocalTimeType@4cb24e2
2022-02-21 21:31:32.260 DEBUG 27043 --- [    Test worker] org.hibernate.type.BasicTypeRegistry     : Adding type registration java.time.LocalTime -> org.hibernate.type.LocalTimeType@4cb24e2
2022-02-21 21:31:32.262 DEBUG 27043 --- [    Test worker] org.hibernate.type.BasicTypeRegistry     : Adding type registration OffsetDateTime -> org.hibernate.type.OffsetDateTimeType@69eb544f
2022-02-21 21:31:32.262 DEBUG 27043 --- [    Test worker] org.hibernate.type.BasicTypeRegistry     : Adding type registration java.time.OffsetDateTime -> org.hibernate.type.OffsetDateTimeType@69eb544f
2022-02-21 21:31:32.263 DEBUG 27043 --- [    Test worker] org.hibernate.type.BasicTypeRegistry     : Adding type registration OffsetTime -> org.hibernate.type.OffsetTimeType@56da96b3
2022-02-21 21:31:32.264 DEBUG 27043 --- [    Test worker] org.hibernate.type.BasicTypeRegistry     : Adding type registration java.time.OffsetTime -> org.hibernate.type.OffsetTimeType@56da96b3
2022-02-21 21:31:32.268 DEBUG 27043 --- [    Test worker] org.hibernate.type.BasicTypeRegistry     : Adding type registration ZonedDateTime -> org.hibernate.type.ZonedDateTimeType@6c5747db
2022-02-21 21:31:32.268 DEBUG 27043 --- [    Test worker] org.hibernate.type.BasicTypeRegistry     : Adding type registration java.time.ZonedDateTime -> org.hibernate.type.ZonedDateTimeType@6c5747db
2022-02-21 21:31:32.270 DEBUG 27043 --- [    Test worker] org.hibernate.type.BasicTypeRegistry     : Adding type registration date -> org.hibernate.type.DateType@6121a7dd
2022-02-21 21:31:32.270 DEBUG 27043 --- [    Test worker] org.hibernate.type.BasicTypeRegistry     : Adding type registration java.sql.Date -> org.hibernate.type.DateType@6121a7dd
2022-02-21 21:31:32.272 DEBUG 27043 --- [    Test worker] org.hibernate.type.BasicTypeRegistry     : Adding type registration time -> org.hibernate.type.TimeType@743bb39a
2022-02-21 21:31:32.273 DEBUG 27043 --- [    Test worker] org.hibernate.type.BasicTypeRegistry     : Adding type registration java.sql.Time -> org.hibernate.type.TimeType@743bb39a
2022-02-21 21:31:32.275 DEBUG 27043 --- [    Test worker] org.hibernate.type.BasicTypeRegistry     : Adding type registration timestamp -> org.hibernate.type.TimestampType@b3857e2
2022-02-21 21:31:32.275 DEBUG 27043 --- [    Test worker] org.hibernate.type.BasicTypeRegistry     : Adding type registration java.sql.Timestamp -> org.hibernate.type.TimestampType@b3857e2
2022-02-21 21:31:32.275 DEBUG 27043 --- [    Test worker] org.hibernate.type.BasicTypeRegistry     : Adding type registration java.util.Date -> org.hibernate.type.TimestampType@b3857e2
2022-02-21 21:31:32.278 DEBUG 27043 --- [    Test worker] org.hibernate.type.BasicTypeRegistry     : Adding type registration dbtimestamp -> org.hibernate.type.DbTimestampType@99c4993
2022-02-21 21:31:32.279 DEBUG 27043 --- [    Test worker] org.hibernate.type.BasicTypeRegistry     : Adding type registration calendar -> org.hibernate.type.CalendarType@64bba0eb
2022-02-21 21:31:32.279 DEBUG 27043 --- [    Test worker] org.hibernate.type.BasicTypeRegistry     : Adding type registration java.util.Calendar -> org.hibernate.type.CalendarType@64bba0eb
2022-02-21 21:31:32.280 DEBUG 27043 --- [    Test worker] org.hibernate.type.BasicTypeRegistry     : Adding type registration java.util.GregorianCalendar -> org.hibernate.type.CalendarType@64bba0eb
2022-02-21 21:31:32.281 DEBUG 27043 --- [    Test worker] org.hibernate.type.BasicTypeRegistry     : Adding type registration calendar_date -> org.hibernate.type.CalendarDateType@655203e3
2022-02-21 21:31:32.282 DEBUG 27043 --- [    Test worker] org.hibernate.type.BasicTypeRegistry     : Adding type registration calendar_time -> org.hibernate.type.CalendarTimeType@43588265
2022-02-21 21:31:32.284 DEBUG 27043 --- [    Test worker] org.hibernate.type.BasicTypeRegistry     : Adding type registration locale -> org.hibernate.type.LocaleType@5280688
2022-02-21 21:31:32.285 DEBUG 27043 --- [    Test worker] org.hibernate.type.BasicTypeRegistry     : Adding type registration java.util.Locale -> org.hibernate.type.LocaleType@5280688
2022-02-21 21:31:32.286 DEBUG 27043 --- [    Test worker] org.hibernate.type.BasicTypeRegistry     : Adding type registration currency -> org.hibernate.type.CurrencyType@12fccff0
2022-02-21 21:31:32.286 DEBUG 27043 --- [    Test worker] org.hibernate.type.BasicTypeRegistry     : Adding type registration java.util.Currency -> org.hibernate.type.CurrencyType@12fccff0
2022-02-21 21:31:32.287 DEBUG 27043 --- [    Test worker] org.hibernate.type.BasicTypeRegistry     : Adding type registration timezone -> org.hibernate.type.TimeZoneType@2b458cd6
2022-02-21 21:31:32.287 DEBUG 27043 --- [    Test worker] org.hibernate.type.BasicTypeRegistry     : Adding type registration java.util.TimeZone -> org.hibernate.type.TimeZoneType@2b458cd6
2022-02-21 21:31:32.288 DEBUG 27043 --- [    Test worker] org.hibernate.type.BasicTypeRegistry     : Adding type registration class -> org.hibernate.type.ClassType@7bc2ae16
2022-02-21 21:31:32.290 DEBUG 27043 --- [    Test worker] org.hibernate.type.BasicTypeRegistry     : Adding type registration java.lang.Class -> org.hibernate.type.ClassType@7bc2ae16
2022-02-21 21:31:32.291 DEBUG 27043 --- [    Test worker] org.hibernate.type.BasicTypeRegistry     : Adding type registration uuid-binary -> org.hibernate.type.UUIDBinaryType@1247c72e
2022-02-21 21:31:32.292 DEBUG 27043 --- [    Test worker] org.hibernate.type.BasicTypeRegistry     : Adding type registration java.util.UUID -> org.hibernate.type.UUIDBinaryType@1247c72e
2022-02-21 21:31:32.292 DEBUG 27043 --- [    Test worker] org.hibernate.type.BasicTypeRegistry     : Adding type registration uuid-char -> org.hibernate.type.UUIDCharType@1f179f51
2022-02-21 21:31:32.294 DEBUG 27043 --- [    Test worker] org.hibernate.type.BasicTypeRegistry     : Adding type registration binary -> org.hibernate.type.BinaryType@6987a133
2022-02-21 21:31:32.294 DEBUG 27043 --- [    Test worker] org.hibernate.type.BasicTypeRegistry     : Adding type registration byte[] -> org.hibernate.type.BinaryType@6987a133
2022-02-21 21:31:32.295 DEBUG 27043 --- [    Test worker] org.hibernate.type.BasicTypeRegistry     : Adding type registration [B -> org.hibernate.type.BinaryType@6987a133
2022-02-21 21:31:32.303 DEBUG 27043 --- [    Test worker] org.hibernate.type.BasicTypeRegistry     : Adding type registration wrapper-binary -> org.hibernate.type.WrapperBinaryType@2a1e57c6
2022-02-21 21:31:32.303 DEBUG 27043 --- [    Test worker] org.hibernate.type.BasicTypeRegistry     : Adding type registration Byte[] -> org.hibernate.type.WrapperBinaryType@2a1e57c6
2022-02-21 21:31:32.304 DEBUG 27043 --- [    Test worker] org.hibernate.type.BasicTypeRegistry     : Adding type registration [Ljava.lang.Byte; -> org.hibernate.type.WrapperBinaryType@2a1e57c6
2022-02-21 21:31:32.306 DEBUG 27043 --- [    Test worker] org.hibernate.type.BasicTypeRegistry     : Adding type registration row_version -> org.hibernate.type.RowVersionType@6d421fe
2022-02-21 21:31:32.307 DEBUG 27043 --- [    Test worker] org.hibernate.type.BasicTypeRegistry     : Adding type registration image -> org.hibernate.type.ImageType@c758a2d
2022-02-21 21:31:32.308 DEBUG 27043 --- [    Test worker] org.hibernate.type.BasicTypeRegistry     : Adding type registration characters -> org.hibernate.type.CharArrayType@30ec211a
2022-02-21 21:31:32.310 DEBUG 27043 --- [    Test worker] org.hibernate.type.BasicTypeRegistry     : Adding type registration char[] -> org.hibernate.type.CharArrayType@30ec211a
2022-02-21 21:31:32.312 DEBUG 27043 --- [    Test worker] org.hibernate.type.BasicTypeRegistry     : Adding type registration [C -> org.hibernate.type.CharArrayType@30ec211a
2022-02-21 21:31:32.313 DEBUG 27043 --- [    Test worker] org.hibernate.type.BasicTypeRegistry     : Adding type registration wrapper-characters -> org.hibernate.type.CharacterArrayType@4d4df0f4
2022-02-21 21:31:32.313 DEBUG 27043 --- [    Test worker] org.hibernate.type.BasicTypeRegistry     : Adding type registration [Ljava.lang.Character; -> org.hibernate.type.CharacterArrayType@4d4df0f4
2022-02-21 21:31:32.313 DEBUG 27043 --- [    Test worker] org.hibernate.type.BasicTypeRegistry     : Adding type registration Character[] -> org.hibernate.type.CharacterArrayType@4d4df0f4
2022-02-21 21:31:32.314 DEBUG 27043 --- [    Test worker] org.hibernate.type.BasicTypeRegistry     : Adding type registration text -> org.hibernate.type.TextType@45dde6ac
2022-02-21 21:31:32.315 DEBUG 27043 --- [    Test worker] org.hibernate.type.BasicTypeRegistry     : Adding type registration ntext -> org.hibernate.type.NTextType@6e2eead5
2022-02-21 21:31:32.319 DEBUG 27043 --- [    Test worker] org.hibernate.type.BasicTypeRegistry     : Adding type registration blob -> org.hibernate.type.BlobType@11e834ad
2022-02-21 21:31:32.319 DEBUG 27043 --- [    Test worker] org.hibernate.type.BasicTypeRegistry     : Adding type registration java.sql.Blob -> org.hibernate.type.BlobType@11e834ad
2022-02-21 21:31:32.320 DEBUG 27043 --- [    Test worker] org.hibernate.type.BasicTypeRegistry     : Adding type registration materialized_blob -> org.hibernate.type.MaterializedBlobType@489f62a3
2022-02-21 21:31:32.321 DEBUG 27043 --- [    Test worker] org.hibernate.type.BasicTypeRegistry     : Adding type registration clob -> org.hibernate.type.ClobType@639cb788
2022-02-21 21:31:32.321 DEBUG 27043 --- [    Test worker] org.hibernate.type.BasicTypeRegistry     : Adding type registration java.sql.Clob -> org.hibernate.type.ClobType@639cb788
2022-02-21 21:31:32.324 DEBUG 27043 --- [    Test worker] org.hibernate.type.BasicTypeRegistry     : Adding type registration nclob -> org.hibernate.type.NClobType@3b770d07
2022-02-21 21:31:32.324 DEBUG 27043 --- [    Test worker] org.hibernate.type.BasicTypeRegistry     : Adding type registration java.sql.NClob -> org.hibernate.type.NClobType@3b770d07
2022-02-21 21:31:32.324 DEBUG 27043 --- [    Test worker] org.hibernate.type.BasicTypeRegistry     : Adding type registration materialized_clob -> org.hibernate.type.MaterializedClobType@6f07d414
2022-02-21 21:31:32.325 DEBUG 27043 --- [    Test worker] org.hibernate.type.BasicTypeRegistry     : Adding type registration materialized_nclob -> org.hibernate.type.MaterializedNClobType@223967ea
2022-02-21 21:31:32.327 DEBUG 27043 --- [    Test worker] org.hibernate.type.BasicTypeRegistry     : Adding type registration serializable -> org.hibernate.type.SerializableType@719c1faf
2022-02-21 21:31:32.331 DEBUG 27043 --- [    Test worker] org.hibernate.type.BasicTypeRegistry     : Adding type registration object -> org.hibernate.type.ObjectType@56e5c8fb
2022-02-21 21:31:32.331 DEBUG 27043 --- [    Test worker] org.hibernate.type.BasicTypeRegistry     : Adding type registration java.lang.Object -> org.hibernate.type.ObjectType@56e5c8fb
2022-02-21 21:31:32.332 DEBUG 27043 --- [    Test worker] org.hibernate.type.BasicTypeRegistry     : Adding type registration imm_date -> org.hibernate.type.AdaptedImmutableType@7493d937
2022-02-21 21:31:32.332 DEBUG 27043 --- [    Test worker] org.hibernate.type.BasicTypeRegistry     : Adding type registration imm_time -> org.hibernate.type.AdaptedImmutableType@5dc7841c
2022-02-21 21:31:32.332 DEBUG 27043 --- [    Test worker] org.hibernate.type.BasicTypeRegistry     : Adding type registration imm_timestamp -> org.hibernate.type.AdaptedImmutableType@4d67d5a4
2022-02-21 21:31:32.333 DEBUG 27043 --- [    Test worker] org.hibernate.type.BasicTypeRegistry     : Adding type registration imm_dbtimestamp -> org.hibernate.type.AdaptedImmutableType@a3b858f
2022-02-21 21:31:32.333 DEBUG 27043 --- [    Test worker] org.hibernate.type.BasicTypeRegistry     : Adding type registration imm_calendar -> org.hibernate.type.AdaptedImmutableType@600bbf9e
2022-02-21 21:31:32.334 DEBUG 27043 --- [    Test worker] org.hibernate.type.BasicTypeRegistry     : Adding type registration imm_calendar_date -> org.hibernate.type.AdaptedImmutableType@18d30e7
2022-02-21 21:31:32.334 DEBUG 27043 --- [    Test worker] org.hibernate.type.BasicTypeRegistry     : Adding type registration imm_binary -> org.hibernate.type.AdaptedImmutableType@72b40f87
2022-02-21 21:31:32.335 DEBUG 27043 --- [    Test worker] org.hibernate.type.BasicTypeRegistry     : Adding type registration imm_serializable -> org.hibernate.type.AdaptedImmutableType@2475fba3
2022-02-21 21:31:32.392  INFO 27043 --- [    Test worker] com.zaxxer.hikari.HikariDataSource       : HikariPool-1 - Starting...
2022-02-21 21:31:32.486  INFO 27043 --- [    Test worker] com.zaxxer.hikari.HikariDataSource       : HikariPool-1 - Start completed.
2022-02-21 21:31:32.528  INFO 27043 --- [    Test worker] org.hibernate.dialect.Dialect            : HHH000400: Using dialect: org.hibernate.dialect.H2Dialect
2022-02-21 21:31:32.587 DEBUG 27043 --- [    Test worker] o.h.type.spi.TypeConfiguration$Scope     : Scoping TypeConfiguration [org.hibernate.type.spi.TypeConfiguration@4813d0] to MetadataBuildingContext [org.hibernate.boot.internal.MetadataBuildingContextRootImpl@702096ef]
2022-02-21 21:31:32.835 DEBUG 27043 --- [    Test worker] o.h.type.spi.TypeConfiguration$Scope     : Scoping TypeConfiguration [org.hibernate.type.spi.TypeConfiguration@4813d0] to SessionFactoryImpl [org.hibernate.internal.SessionFactoryImpl@14b5325f]
2022-02-21 21:31:33.294 DEBUG 27043 --- [    Test worker] org.hibernate.SQL                        : 
    
    drop table if exists member CASCADE 
2022-02-21 21:31:33.298  INFO 27043 --- [    Test worker] p6spy                                    : #1645446693298 | took 1ms | statement | connection 1| url jdbc:h2:tcp://localhost/~/test

    drop table if exists member CASCADE 

    drop table if exists member CASCADE ;
2022-02-21 21:31:33.299 DEBUG 27043 --- [    Test worker] org.hibernate.SQL                        : 
    
    drop table if exists team CASCADE 
2022-02-21 21:31:33.300  INFO 27043 --- [    Test worker] p6spy                                    : #1645446693300 | took 1ms | statement | connection 1| url jdbc:h2:tcp://localhost/~/test

    drop table if exists team CASCADE 

    drop table if exists team CASCADE ;
2022-02-21 21:31:33.301 DEBUG 27043 --- [    Test worker] org.hibernate.SQL                        : 
    
    drop sequence if exists hibernate_sequence
2022-02-21 21:31:33.302  INFO 27043 --- [    Test worker] p6spy                                    : #1645446693302 | took 0ms | statement | connection 1| url jdbc:h2:tcp://localhost/~/test

    drop sequence if exists hibernate_sequence

    drop sequence if exists hibernate_sequence;
2022-02-21 21:31:33.305 DEBUG 27043 --- [    Test worker] org.hibernate.SQL                        : create sequence hibernate_sequence start with 1 increment by 1
2022-02-21 21:31:33.306  INFO 27043 --- [    Test worker] p6spy                                    : #1645446693306 | took 0ms | statement | connection 2| url jdbc:h2:tcp://localhost/~/test
create sequence hibernate_sequence start with 1 increment by 1
create sequence hibernate_sequence start with 1 increment by 1;
2022-02-21 21:31:33.306 DEBUG 27043 --- [    Test worker] org.hibernate.SQL                        : 
    
    create table member (
       member_id bigint not null,
        age integer not null,
        username varchar(255),
        team_id bigint,
        primary key (member_id)
    )
2022-02-21 21:31:33.309  INFO 27043 --- [    Test worker] p6spy                                    : #1645446693309 | took 2ms | statement | connection 2| url jdbc:h2:tcp://localhost/~/test

    create table member (
       member_id bigint not null,
        age integer not null,
        username varchar(255),
        team_id bigint,
        primary key (member_id)
    )

    create table member (
       member_id bigint not null,
        age integer not null,
        username varchar(255),
        team_id bigint,
        primary key (member_id)
    );
2022-02-21 21:31:33.310 DEBUG 27043 --- [    Test worker] org.hibernate.SQL                        : 
    
    create table team (
       team_id bigint not null,
        name varchar(255),
        primary key (team_id)
    )
2022-02-21 21:31:33.313  INFO 27043 --- [    Test worker] p6spy                                    : #1645446693313 | took 2ms | statement | connection 2| url jdbc:h2:tcp://localhost/~/test

    create table team (
       team_id bigint not null,
        name varchar(255),
        primary key (team_id)
    )

    create table team (
       team_id bigint not null,
        name varchar(255),
        primary key (team_id)
    );
2022-02-21 21:31:33.314 DEBUG 27043 --- [    Test worker] org.hibernate.SQL                        : 
    
    alter table member 
       add constraint FKcjte2jn9pvo9ud2hyfgwcja0k 
       foreign key (team_id) 
       references team
2022-02-21 21:31:33.320  INFO 27043 --- [    Test worker] p6spy                                    : #1645446693320 | took 5ms | statement | connection 2| url jdbc:h2:tcp://localhost/~/test

    alter table member 
       add constraint FKcjte2jn9pvo9ud2hyfgwcja0k 
       foreign key (team_id) 
       references team

    alter table member 
       add constraint FKcjte2jn9pvo9ud2hyfgwcja0k 
       foreign key (team_id) 
       references team;
2022-02-21 21:31:33.323  INFO 27043 --- [    Test worker] o.h.e.t.j.p.i.JtaPlatformInitiator       : HHH000490: Using JtaPlatform implementation: [org.hibernate.engine.transaction.jta.platform.internal.NoJtaPlatform]
2022-02-21 21:31:33.335 TRACE 27043 --- [    Test worker] o.h.type.spi.TypeConfiguration$Scope     : Handling #sessionFactoryCreated from [org.hibernate.internal.SessionFactoryImpl@14b5325f] for TypeConfiguration
2022-02-21 21:31:33.338  INFO 27043 --- [    Test worker] j.LocalContainerEntityManagerFactoryBean : Initialized JPA EntityManagerFactory for persistence unit 'default'
2022-02-21 21:31:33.631  WARN 27043 --- [    Test worker] JpaBaseConfiguration$JpaWebConfiguration : spring.jpa.open-in-view is enabled by default. Therefore, database queries may be performed during view rendering. Explicitly configure spring.jpa.open-in-view to disable this warning
2022-02-21 21:31:34.472  INFO 27043 --- [    Test worker] study.datajpa.entity.MemberTest          : Started MemberTest in 5.184 seconds (JVM running for 7.185)
2022-02-21 21:31:34.505  INFO 27043 --- [    Test worker] o.s.t.c.transaction.TransactionContext   : Began transaction (1) for test context [DefaultTestContext@22680f52 testClass = MemberTest, testInstance = study.datajpa.entity.MemberTest@526f8cb0, testMethod = testEntity@MemberTest, testException = [null], mergedContextConfiguration = [WebMergedContextConfiguration@60d84f61 testClass = MemberTest, locations = '{}', classes = '{class study.datajpa.DataJpaApplication}', contextInitializerClasses = '[]', activeProfiles = '{}', propertySourceLocations = '{}', propertySourceProperties = '{org.springframework.boot.test.context.SpringBootTestContextBootstrapper=true}', contextCustomizers = set[org.springframework.boot.test.autoconfigure.actuate.metrics.MetricsExportContextCustomizerFactory$DisableMetricExportContextCustomizer@4b3a45f1, org.springframework.boot.test.autoconfigure.properties.PropertyMappingContextCustomizer@0, org.springframework.boot.test.autoconfigure.web.servlet.WebDriverContextCustomizerFactory$Customizer@1a7288a3, org.springframework.boot.test.context.filter.ExcludeFilterContextCustomizer@68b6f0d6, org.springframework.boot.test.json.DuplicateJsonObjectContextCustomizerFactory$DuplicateJsonObjectContextCustomizer@36f48b4, org.springframework.boot.test.mock.mockito.MockitoContextCustomizer@0, org.springframework.boot.test.web.client.TestRestTemplateContextCustomizer@a5bd950, org.springframework.boot.test.context.SpringBootTestArgs@1, org.springframework.boot.test.context.SpringBootTestWebEnvironment@3e2055d6], resourceBasePath = 'src/main/webapp', contextLoader = 'org.springframework.boot.test.context.SpringBootContextLoader', parent = [null]], attributes = map['org.springframework.test.context.web.ServletTestExecutionListener.activateListener' -> true, 'org.springframework.test.context.web.ServletTestExecutionListener.populatedRequestContextHolder' -> true, 'org.springframework.test.context.web.ServletTestExecutionListener.resetRequestContextHolder' -> true, 'org.springframework.test.context.event.ApplicationEventsTestExecutionListener.recordApplicationEvents' -> false]]; transaction manager [org.springframework.orm.jpa.JpaTransactionManager@31f9f9b3]; rollback [false]
2022-02-21 21:31:34.633 DEBUG 27043 --- [    Test worker] org.hibernate.SQL                        : 
    call next value for hibernate_sequence
2022-02-21 21:31:34.654  INFO 27043 --- [    Test worker] p6spy                                    : #1645446694654 | took 12ms | statement | connection 3| url jdbc:h2:tcp://localhost/~/test
call next value for hibernate_sequence
call next value for hibernate_sequence;
2022-02-21 21:31:34.718 DEBUG 27043 --- [    Test worker] org.hibernate.SQL                        : 
    call next value for hibernate_sequence
2022-02-21 21:31:34.719  INFO 27043 --- [    Test worker] p6spy                                    : #1645446694719 | took 0ms | statement | connection 3| url jdbc:h2:tcp://localhost/~/test
call next value for hibernate_sequence
call next value for hibernate_sequence;
2022-02-21 21:31:34.720 DEBUG 27043 --- [    Test worker] org.hibernate.SQL                        : 
    call next value for hibernate_sequence
2022-02-21 21:31:34.722  INFO 27043 --- [    Test worker] p6spy                                    : #1645446694722 | took 0ms | statement | connection 3| url jdbc:h2:tcp://localhost/~/test
call next value for hibernate_sequence
call next value for hibernate_sequence;
2022-02-21 21:31:34.723 DEBUG 27043 --- [    Test worker] org.hibernate.SQL                        : 
    call next value for hibernate_sequence
2022-02-21 21:31:34.724  INFO 27043 --- [    Test worker] p6spy                                    : #1645446694724 | took 0ms | statement | connection 3| url jdbc:h2:tcp://localhost/~/test
call next value for hibernate_sequence
call next value for hibernate_sequence;
2022-02-21 21:31:34.725 DEBUG 27043 --- [    Test worker] org.hibernate.SQL                        : 
    call next value for hibernate_sequence
2022-02-21 21:31:34.726  INFO 27043 --- [    Test worker] p6spy                                    : #1645446694726 | took 0ms | statement | connection 3| url jdbc:h2:tcp://localhost/~/test
call next value for hibernate_sequence
call next value for hibernate_sequence;
2022-02-21 21:31:34.727 DEBUG 27043 --- [    Test worker] org.hibernate.SQL                        : 
    call next value for hibernate_sequence
2022-02-21 21:31:34.728  INFO 27043 --- [    Test worker] p6spy                                    : #1645446694728 | took 0ms | statement | connection 3| url jdbc:h2:tcp://localhost/~/test
call next value for hibernate_sequence
call next value for hibernate_sequence;
2022-02-21 21:31:34.743 DEBUG 27043 --- [    Test worker] org.hibernate.SQL                        : 
    insert 
    into
        team
        (name, team_id) 
    values
        (?, ?)
2022-02-21 21:31:34.747 TRACE 27043 --- [    Test worker] o.h.type.descriptor.sql.BasicBinder      : binding parameter [1] as [VARCHAR] - [teamA]
2022-02-21 21:31:34.748 TRACE 27043 --- [    Test worker] o.h.type.descriptor.sql.BasicBinder      : binding parameter [2] as [BIGINT] - [1]
2022-02-21 21:31:34.749  INFO 27043 --- [    Test worker] p6spy                                    : #1645446694749 | took 0ms | statement | connection 3| url jdbc:h2:tcp://localhost/~/test
insert into team (name, team_id) values (?, ?)
insert into team (name, team_id) values ('teamA', 1);
2022-02-21 21:31:34.751 DEBUG 27043 --- [    Test worker] org.hibernate.SQL                        : 
    insert 
    into
        team
        (name, team_id) 
    values
        (?, ?)
2022-02-21 21:31:34.751 TRACE 27043 --- [    Test worker] o.h.type.descriptor.sql.BasicBinder      : binding parameter [1] as [VARCHAR] - [teamB]
2022-02-21 21:31:34.751 TRACE 27043 --- [    Test worker] o.h.type.descriptor.sql.BasicBinder      : binding parameter [2] as [BIGINT] - [2]
2022-02-21 21:31:34.752  INFO 27043 --- [    Test worker] p6spy                                    : #1645446694752 | took 0ms | statement | connection 3| url jdbc:h2:tcp://localhost/~/test
insert into team (name, team_id) values (?, ?)
insert into team (name, team_id) values ('teamB', 2);
2022-02-21 21:31:34.753 DEBUG 27043 --- [    Test worker] org.hibernate.SQL                        : 
    insert 
    into
        member
        (age, team_id, username, member_id) 
    values
        (?, ?, ?, ?)
2022-02-21 21:31:34.754 TRACE 27043 --- [    Test worker] o.h.type.descriptor.sql.BasicBinder      : binding parameter [1] as [INTEGER] - [10]
2022-02-21 21:31:34.754 TRACE 27043 --- [    Test worker] o.h.type.descriptor.sql.BasicBinder      : binding parameter [2] as [BIGINT] - [1]
2022-02-21 21:31:34.754 TRACE 27043 --- [    Test worker] o.h.type.descriptor.sql.BasicBinder      : binding parameter [3] as [VARCHAR] - [member1]
2022-02-21 21:31:34.755 TRACE 27043 --- [    Test worker] o.h.type.descriptor.sql.BasicBinder      : binding parameter [4] as [BIGINT] - [3]
2022-02-21 21:31:34.756  INFO 27043 --- [    Test worker] p6spy                                    : #1645446694756 | took 0ms | statement | connection 3| url jdbc:h2:tcp://localhost/~/test
insert into member (age, team_id, username, member_id) values (?, ?, ?, ?)
insert into member (age, team_id, username, member_id) values (10, 1, 'member1', 3);
2022-02-21 21:31:34.756 DEBUG 27043 --- [    Test worker] org.hibernate.SQL                        : 
    insert 
    into
        member
        (age, team_id, username, member_id) 
    values
        (?, ?, ?, ?)
2022-02-21 21:31:34.757 TRACE 27043 --- [    Test worker] o.h.type.descriptor.sql.BasicBinder      : binding parameter [1] as [INTEGER] - [20]
2022-02-21 21:31:34.757 TRACE 27043 --- [    Test worker] o.h.type.descriptor.sql.BasicBinder      : binding parameter [2] as [BIGINT] - [1]
2022-02-21 21:31:34.757 TRACE 27043 --- [    Test worker] o.h.type.descriptor.sql.BasicBinder      : binding parameter [3] as [VARCHAR] - [member2]
2022-02-21 21:31:34.758 TRACE 27043 --- [    Test worker] o.h.type.descriptor.sql.BasicBinder      : binding parameter [4] as [BIGINT] - [4]
2022-02-21 21:31:34.761  INFO 27043 --- [    Test worker] p6spy                                    : #1645446694761 | took 2ms | statement | connection 3| url jdbc:h2:tcp://localhost/~/test
insert into member (age, team_id, username, member_id) values (?, ?, ?, ?)
insert into member (age, team_id, username, member_id) values (20, 1, 'member2', 4);
2022-02-21 21:31:34.761 DEBUG 27043 --- [    Test worker] org.hibernate.SQL                        : 
    insert 
    into
        member
        (age, team_id, username, member_id) 
    values
        (?, ?, ?, ?)
2022-02-21 21:31:34.763 TRACE 27043 --- [    Test worker] o.h.type.descriptor.sql.BasicBinder      : binding parameter [1] as [INTEGER] - [30]
2022-02-21 21:31:34.763 TRACE 27043 --- [    Test worker] o.h.type.descriptor.sql.BasicBinder      : binding parameter [2] as [BIGINT] - [2]
2022-02-21 21:31:34.763 TRACE 27043 --- [    Test worker] o.h.type.descriptor.sql.BasicBinder      : binding parameter [3] as [VARCHAR] - [member3]
2022-02-21 21:31:34.763 TRACE 27043 --- [    Test worker] o.h.type.descriptor.sql.BasicBinder      : binding parameter [4] as [BIGINT] - [5]
2022-02-21 21:31:34.764  INFO 27043 --- [    Test worker] p6spy                                    : #1645446694764 | took 1ms | statement | connection 3| url jdbc:h2:tcp://localhost/~/test
insert into member (age, team_id, username, member_id) values (?, ?, ?, ?)
insert into member (age, team_id, username, member_id) values (30, 2, 'member3', 5);
2022-02-21 21:31:34.765 DEBUG 27043 --- [    Test worker] org.hibernate.SQL                        : 
    insert 
    into
        member
        (age, team_id, username, member_id) 
    values
        (?, ?, ?, ?)
2022-02-21 21:31:34.768 TRACE 27043 --- [    Test worker] o.h.type.descriptor.sql.BasicBinder      : binding parameter [1] as [INTEGER] - [40]
2022-02-21 21:31:34.769 TRACE 27043 --- [    Test worker] o.h.type.descriptor.sql.BasicBinder      : binding parameter [2] as [BIGINT] - [2]
2022-02-21 21:31:34.769 TRACE 27043 --- [    Test worker] o.h.type.descriptor.sql.BasicBinder      : binding parameter [3] as [VARCHAR] - [member4]
2022-02-21 21:31:34.769 TRACE 27043 --- [    Test worker] o.h.type.descriptor.sql.BasicBinder      : binding parameter [4] as [BIGINT] - [6]
2022-02-21 21:31:34.770  INFO 27043 --- [    Test worker] p6spy                                    : #1645446694770 | took 0ms | statement | connection 3| url jdbc:h2:tcp://localhost/~/test
insert into member (age, team_id, username, member_id) values (?, ?, ?, ?)
insert into member (age, team_id, username, member_id) values (40, 2, 'member4', 6);
2022-02-21 21:31:34.920 DEBUG 27043 --- [    Test worker] org.hibernate.SQL                        : 
    select
        member0_.member_id as member_i1_0_,
        member0_.age as age2_0_,
        member0_.team_id as team_id4_0_,
        member0_.username as username3_0_ 
    from
        member member0_
2022-02-21 21:31:34.923  INFO 27043 --- [    Test worker] p6spy                                    : #1645446694923 | took 1ms | statement | connection 3| url jdbc:h2:tcp://localhost/~/test
select member0_.member_id as member_i1_0_, member0_.age as age2_0_, member0_.team_id as team_id4_0_, member0_.username as username3_0_ from member member0_
select member0_.member_id as member_i1_0_, member0_.age as age2_0_, member0_.team_id as team_id4_0_, member0_.username as username3_0_ from member member0_;
2022-02-21 21:31:34.926 TRACE 27043 --- [    Test worker] o.h.type.descriptor.sql.BasicExtractor   : extracted value ([member_i1_0_] : [BIGINT]) - [3]
2022-02-21 21:31:34.929 TRACE 27043 --- [    Test worker] o.h.type.descriptor.sql.BasicExtractor   : extracted value ([age2_0_] : [INTEGER]) - [10]
2022-02-21 21:31:34.929 TRACE 27043 --- [    Test worker] o.h.type.descriptor.sql.BasicExtractor   : extracted value ([team_id4_0_] : [BIGINT]) - [1]
2022-02-21 21:31:34.930 TRACE 27043 --- [    Test worker] o.h.type.descriptor.sql.BasicExtractor   : extracted value ([username3_0_] : [VARCHAR]) - [member1]
2022-02-21 21:31:34.931 TRACE 27043 --- [    Test worker] o.h.type.descriptor.sql.BasicExtractor   : extracted value ([member_i1_0_] : [BIGINT]) - [4]
2022-02-21 21:31:34.931 TRACE 27043 --- [    Test worker] o.h.type.descriptor.sql.BasicExtractor   : extracted value ([age2_0_] : [INTEGER]) - [20]
2022-02-21 21:31:34.931 TRACE 27043 --- [    Test worker] o.h.type.descriptor.sql.BasicExtractor   : extracted value ([team_id4_0_] : [BIGINT]) - [1]
2022-02-21 21:31:34.931 TRACE 27043 --- [    Test worker] o.h.type.descriptor.sql.BasicExtractor   : extracted value ([username3_0_] : [VARCHAR]) - [member2]
2022-02-21 21:31:34.931 TRACE 27043 --- [    Test worker] o.h.type.descriptor.sql.BasicExtractor   : extracted value ([member_i1_0_] : [BIGINT]) - [5]
2022-02-21 21:31:34.932 TRACE 27043 --- [    Test worker] o.h.type.descriptor.sql.BasicExtractor   : extracted value ([age2_0_] : [INTEGER]) - [30]
2022-02-21 21:31:34.932 TRACE 27043 --- [    Test worker] o.h.type.descriptor.sql.BasicExtractor   : extracted value ([team_id4_0_] : [BIGINT]) - [2]
2022-02-21 21:31:34.932 TRACE 27043 --- [    Test worker] o.h.type.descriptor.sql.BasicExtractor   : extracted value ([username3_0_] : [VARCHAR]) - [member3]
2022-02-21 21:31:34.932 TRACE 27043 --- [    Test worker] o.h.type.descriptor.sql.BasicExtractor   : extracted value ([member_i1_0_] : [BIGINT]) - [6]
2022-02-21 21:31:34.932 TRACE 27043 --- [    Test worker] o.h.type.descriptor.sql.BasicExtractor   : extracted value ([age2_0_] : [INTEGER]) - [40]
2022-02-21 21:31:34.933 TRACE 27043 --- [    Test worker] o.h.type.descriptor.sql.BasicExtractor   : extracted value ([team_id4_0_] : [BIGINT]) - [2]
2022-02-21 21:31:34.933 TRACE 27043 --- [    Test worker] o.h.type.descriptor.sql.BasicExtractor   : extracted value ([username3_0_] : [VARCHAR]) - [member4]
member = Member(id=3, username=member1, age=10)
2022-02-21 21:31:34.976 DEBUG 27043 --- [    Test worker] org.hibernate.SQL                        : 
    select
        team0_.team_id as team_id1_1_0_,
        team0_.name as name2_1_0_ 
    from
        team team0_ 
    where
        team0_.team_id=?
2022-02-21 21:31:34.979 TRACE 27043 --- [    Test worker] o.h.type.descriptor.sql.BasicBinder      : binding parameter [1] as [BIGINT] - [1]
2022-02-21 21:31:34.980  INFO 27043 --- [    Test worker] p6spy                                    : #1645446694980 | took 0ms | statement | connection 3| url jdbc:h2:tcp://localhost/~/test
select team0_.team_id as team_id1_1_0_, team0_.name as name2_1_0_ from team team0_ where team0_.team_id=?
select team0_.team_id as team_id1_1_0_, team0_.name as name2_1_0_ from team team0_ where team0_.team_id=1;
2022-02-21 21:31:34.983 TRACE 27043 --- [    Test worker] o.h.type.descriptor.sql.BasicExtractor   : extracted value ([name2_1_0_] : [VARCHAR]) - [teamA]
2022-02-21 21:31:34.988 TRACE 27043 --- [    Test worker] org.hibernate.type.CollectionType        : Created collection wrapper: [study.datajpa.entity.Team.members#1]
-> member.team = Team(id=1, name=teamA)
member = Member(id=4, username=member2, age=20)
-> member.team = Team(id=1, name=teamA)
member = Member(id=5, username=member3, age=30)
2022-02-21 21:31:34.996 DEBUG 27043 --- [    Test worker] org.hibernate.SQL                        : 
    select
        team0_.team_id as team_id1_1_0_,
        team0_.name as name2_1_0_ 
    from
        team team0_ 
    where
        team0_.team_id=?
2022-02-21 21:31:34.997 TRACE 27043 --- [    Test worker] o.h.type.descriptor.sql.BasicBinder      : binding parameter [1] as [BIGINT] - [2]
2022-02-21 21:31:34.998  INFO 27043 --- [    Test worker] p6spy                                    : #1645446694997 | took 0ms | statement | connection 3| url jdbc:h2:tcp://localhost/~/test
select team0_.team_id as team_id1_1_0_, team0_.name as name2_1_0_ from team team0_ where team0_.team_id=?
select team0_.team_id as team_id1_1_0_, team0_.name as name2_1_0_ from team team0_ where team0_.team_id=2;
2022-02-21 21:31:34.998 TRACE 27043 --- [    Test worker] o.h.type.descriptor.sql.BasicExtractor   : extracted value ([name2_1_0_] : [VARCHAR]) - [teamB]
2022-02-21 21:31:34.998 TRACE 27043 --- [    Test worker] org.hibernate.type.CollectionType        : Created collection wrapper: [study.datajpa.entity.Team.members#2]
-> member.team = Team(id=2, name=teamB)
member = Member(id=6, username=member4, age=40)
-> member.team = Team(id=2, name=teamB)
2022-02-21 21:31:35.020  INFO 27043 --- [    Test worker] p6spy                                    : #1645446695020 | took 3ms | commit | connection 3| url jdbc:h2:tcp://localhost/~/test

;
2022-02-21 21:31:35.027  INFO 27043 --- [    Test worker] o.s.t.c.transaction.TransactionContext   : Committed transaction for test: [DefaultTestContext@22680f52 testClass = MemberTest, testInstance = study.datajpa.entity.MemberTest@526f8cb0, testMethod = testEntity@MemberTest, testException = [null], mergedContextConfiguration = [WebMergedContextConfiguration@60d84f61 testClass = MemberTest, locations = '{}', classes = '{class study.datajpa.DataJpaApplication}', contextInitializerClasses = '[]', activeProfiles = '{}', propertySourceLocations = '{}', propertySourceProperties = '{org.springframework.boot.test.context.SpringBootTestContextBootstrapper=true}', contextCustomizers = set[org.springframework.boot.test.autoconfigure.actuate.metrics.MetricsExportContextCustomizerFactory$DisableMetricExportContextCustomizer@4b3a45f1, org.springframework.boot.test.autoconfigure.properties.PropertyMappingContextCustomizer@0, org.springframework.boot.test.autoconfigure.web.servlet.WebDriverContextCustomizerFactory$Customizer@1a7288a3, org.springframework.boot.test.context.filter.ExcludeFilterContextCustomizer@68b6f0d6, org.springframework.boot.test.json.DuplicateJsonObjectContextCustomizerFactory$DuplicateJsonObjectContextCustomizer@36f48b4, org.springframework.boot.test.mock.mockito.MockitoContextCustomizer@0, org.springframework.boot.test.web.client.TestRestTemplateContextCustomizer@a5bd950, org.springframework.boot.test.context.SpringBootTestArgs@1, org.springframework.boot.test.context.SpringBootTestWebEnvironment@3e2055d6], resourceBasePath = 'src/main/webapp', contextLoader = 'org.springframework.boot.test.context.SpringBootContextLoader', parent = [null]], attributes = map['org.springframework.test.context.web.ServletTestExecutionListener.activateListener' -> true, 'org.springframework.test.context.web.ServletTestExecutionListener.populatedRequestContextHolder' -> true, 'org.springframework.test.context.web.ServletTestExecutionListener.resetRequestContextHolder' -> true, 'org.springframework.test.context.event.ApplicationEventsTestExecutionListener.recordApplicationEvents' -> false]]
]]></system-out>
  <system-err><![CDATA[]]></system-err>
</testsuite>
